2021-06-25 10:33:34 - [ CUSTOM ] :  | Session: [254705252897] 4576559591 | 1 | 1
2021-06-25 10:33:40 - [ CUSTOM ] :  | Session: [254705252897] 4576559591 | 2 | 1
2021-06-25 10:33:41 - [ CUSTOM ] :  | Session: [254705252897] 4576559591 | 3 | 1
2021-06-25 10:33:41 - [ CUSTOM ] :  | Session: [254705252897] 4576559591 | 9 | 1
2021-06-25 10:34:56 - [ CUSTOM ] :  | Session: [254705252897] 4576559591 | 1 | 1
2021-06-25 10:34:58 - [ CUSTOM ] :  | Session: [254705252897] 4576559591 | 2 | 1
2021-06-25 10:34:58 - [ CUSTOM ] :  | Session: [254705252897] 4576559591 | 3 | 1
2021-06-25 10:34:59 - [ CUSTOM ] :  | Session: [254705252897] 4576559591 | 9 | 1
2021-06-25 10:35:10 - [ CUSTOM ] :  | Session: [254705252897] 4576559591 | 1 | 1
2021-06-25 10:35:11 - [ CUSTOM ] :  | Session: [254705252897] 4576559591 | 2 | 1
2021-06-25 10:35:15 - [ CUSTOM ] :  | Session: [254705252897] 4576559591 | 3 | 5
2021-06-25 10:35:19 - [ CUSTOM ] :  | Session: [254705252897] 4576559591 | 9 | 1
2021-06-25 10:37:14 - [ CUSTOM ] :  | Session: [254705252897] 4576559591 | 1 | 1
2021-06-25 10:37:17 - [ CUSTOM ] :  | Session: [254705252897] 4576559591 | 2 | 1
2021-06-25 10:37:22 - [ CUSTOM ] :  | Session: [254705252897] 4576559591 | 3 | 6
2021-06-25 10:37:26 - [ CUSTOM ] :  | Session: [254705252897] 4576559591 | 9 | 1
2021-06-25 10:37:29 - [ CUSTOM ] :  | [254705252897] sms: [{"status_code":"1001","status_desc":"Invalid short code","message_id":"0","mobile_number":"254705252897","network_id":"","message_cost":"","credit_balance":""}]
2021-06-25 10:40:37 - [ CUSTOM ] :  | Session: [254705252897] 391059170 | 1 | 978
2021-06-25 10:40:40 - [ CUSTOM ] :  | Session: [254705252897] 391059170 | 2 | 978*3
2021-06-25 10:40:42 - [ CUSTOM ] :  | Session: [254705252897] 391059170 | 5 | 978*3*2
2021-06-25 10:40:46 - [ CUSTOM ] :  | Session: [254705252897] 391059170 | 6 | 978*3*2*3
2021-06-25 10:40:48 - [ CUSTOM ] :  | Session: [254705252897] 391059170 | 7 | 978*3*2*3*1
2021-06-25 10:40:54 - [ CUSTOM ] :  | Session: [254705252897] 390500565 | 1 | 978
2021-06-25 10:40:57 - [ CUSTOM ] :  | Session: [254705252897] 390500565 | 2 | 978*3
2021-06-25 10:40:59 - [ CUSTOM ] :  | Session: [254705252897] 390500565 | 5 | 978*3*2
2021-06-25 10:41:02 - [ CUSTOM ] :  | Session: [254705252897] 390500565 | 6 | 978*3*2*2
2021-06-25 10:41:05 - [ CUSTOM ] :  | Session: [254705252897] 390500565 | 7 | 978*3*2*2*1
2021-06-25 10:41:11 - [ CUSTOM ] :  | Session: [254705252897] 304482006 | 1 | 978
2021-06-25 10:41:14 - [ CUSTOM ] :  | Session: [254705252897] 304482006 | 2 | 978*3
2021-06-25 10:41:17 - [ CUSTOM ] :  | Session: [254705252897] 304482006 | 5 | 978*3*2
2021-06-25 10:41:20 - [ CUSTOM ] :  | Session: [254705252897] 304482006 | 6 | 978*3*2*1
2021-06-25 10:41:27 - [ CUSTOM ] :  | Session: [254705252897] 304482006 | 7 | 978*3*2*1*1
2021-06-25 10:41:33 - [ CUSTOM ] :  | Session: [254705252897] 391216542 | 1 | 978
2021-06-25 10:41:37 - [ CUSTOM ] :  | Session: [254705252897] 391216542 | 2 | 978*1
2021-06-25 10:41:40 - [ CUSTOM ] :  | Session: [254705252897] 391216542 | 3 | 978*1*4
2021-06-25 10:41:44 - [ CUSTOM ] :  | Session: [254705252897] 391216542 | 9 | 978*1*4*1
2021-06-25 10:41:44 - [ CUSTOM ] :  | [254705252897] sms: [{"status_code":"1000","status_desc":"Success","message_id":443418243,"mobile_number":"254705252897","network_id":"1","message_cost":1,"credit_balance":8}]
2021-06-25 10:47:32 - [ CUSTOM ] :  | Session: [254705941419] 511344825 | 1 | 978
2021-06-25 10:47:35 - [ CUSTOM ] :  | Session: [254705941419] 511344825 | 2 | 978*1
2021-06-25 10:47:42 - [ CUSTOM ] :  | Session: [254705941419] 511344825 | 3 | 978*1*3
2021-06-25 10:47:49 - [ CUSTOM ] :  | Session: [254705941419] 511344825 | 9 | 978*1*3*1
2021-06-25 10:47:57 - [ CUSTOM ] :  | Session: [254705941419] 304514205 | 1 | 978
2021-06-25 10:48:01 - [ CUSTOM ] :  | Session: [254705941419] 304514205 | 2 | 978*1
2021-06-25 10:48:06 - [ CUSTOM ] :  | Session: [254705941419] 304514205 | 3 | 978*1*2
2021-06-25 10:48:10 - [ CUSTOM ] :  | Session: [254705941419] 304514205 | 9 | 978*1*2*1
2021-06-25 10:48:11 - [ CUSTOM ] :  | [254705941419] sms: [{"status_code":"1000","status_desc":"Success","message_id":443418930,"mobile_number":"254705941419","network_id":"1","message_cost":1,"credit_balance":7}]
